<?xml version="1.0" encoding="UTF-8"?>
<testsuite xmlns:xsi="http://www.w3.org/2001/XMLSchema-instance" xsi:noNamespaceSchemaLocation="https://maven.apache.org/surefire/maven-surefire-plugin/xsd/surefire-test-report-3.0.xsd" version="3.0" name="app.controller.StripePageControllerTest" time="3.213" tests="6" errors="0" skipped="0" failures="0">
  <properties>
[...]
</properties>
  <testcase name="handleStripeSuccess_invalidSessionId_redirectsToErrorPage" classname="app.controller.StripePageControllerTest" time="0.04">
    <system-out><![CDATA[2025-07-15T17:02:34.897+03:00  INFO 13252 --- [           main] t.c.s.AnnotationConfigContextLoaderUtils : Could not detect default configuration classes for test class [app.controller.StripePageControllerTest]: StripePageControllerTest does not declare any static, non-private, non-final, nested classes annotated with @Configuration.
2025-07-15T17:02:34.902+03:00  INFO 13252 --- [           main] .b.t.c.SpringBootTestContextBootstrapper : Found @SpringBootConfiguration app.AccommodationBookingApp for test class app.controller.StripePageControllerTest

  .   ____          _            __ _ _
 /\\ / ___'_ __ _ _(_)_ __  __ _ \ \ \ \
( ( )\___ | '_ | '_| | '_ \/ _` | \ \ \ \
 \\/  ___)| |_)| | | | | || (_| |  ) ) ) )
  '  |____| .__|_| |_|_| |_\__, | / / / /
 =========|_|==============|___/=/_/_/_/
 :: Spring Boot ::                (v3.2.5)

2025-07-15T17:02:34.953+03:00  INFO 13252 --- [           main] a.controller.StripePageControllerTest    : Starting StripePageControllerTest using Java 17.0.12 with PID 13252 (started by Serhio in C:\Users\Serhio\IdeaProjects\jv-accommodation-booking-service)
2025-07-15T17:02:34.953+03:00  INFO 13252 --- [           main] a.controller.StripePageControllerTest    : No active profile set, falling back to 1 default profile: "default"
2025-07-15T17:02:35.483+03:00  INFO 13252 --- [           main] .s.d.r.c.RepositoryConfigurationDelegate : Bootstrapping Spring Data JPA repositories in DEFAULT mode.
2025-07-15T17:02:35.541+03:00  INFO 13252 --- [           main] .s.d.r.c.RepositoryConfigurationDelegate : Finished Spring Data repository scanning in 57 ms. Found 8 JPA repository interfaces.
2025-07-15T17:02:35.737+03:00  INFO 13252 --- [           main] o.s.b.w.embedded.tomcat.TomcatWebServer  : Tomcat initialized with port 0 (http)
2025-07-15T17:02:35.738+03:00  INFO 13252 --- [           main] o.apache.catalina.core.StandardService   : Starting service [Tomcat]
2025-07-15T17:02:35.738+03:00  INFO 13252 --- [           main] o.apache.catalina.core.StandardEngine    : Starting Servlet engine: [Apache Tomcat/10.1.20]
2025-07-15T17:02:35.787+03:00  INFO 13252 --- [           main] o.a.c.c.C.[Tomcat-3].[localhost].[/]     : Initializing Spring embedded WebApplicationContext
2025-07-15T17:02:35.787+03:00  INFO 13252 --- [           main] w.s.c.ServletWebServerApplicationContext : Root WebApplicationContext: initialization completed in 827 ms
2025-07-15T17:02:35.871+03:00  INFO 13252 --- [           main] o.hibernate.jpa.internal.util.LogHelper  : HHH000204: Processing PersistenceUnitInfo [name: default]
2025-07-15T17:02:35.882+03:00  INFO 13252 --- [           main] o.h.c.internal.RegionFactoryInitiator    : HHH000026: Second-level cache disabled
2025-07-15T17:02:35.896+03:00  INFO 13252 --- [           main] o.s.o.j.p.SpringPersistenceUnitInfo      : No LoadTimeWeaver setup: ignoring JPA class transformer
2025-07-15T17:02:35.898+03:00  INFO 13252 --- [           main] com.zaxxer.hikari.HikariDataSource       : HikariPool-5 - Starting...
2025-07-15T17:02:35.935+03:00  INFO 13252 --- [           main] com.zaxxer.hikari.pool.HikariPool        : HikariPool-5 - Added connection org.testcontainers.jdbc.ConnectionWrapper@567b5001
2025-07-15T17:02:35.935+03:00  INFO 13252 --- [           main] com.zaxxer.hikari.HikariDataSource       : HikariPool-5 - Start completed.
2025-07-15T17:02:35.942+03:00  WARN 13252 --- [           main] org.hibernate.dialect.Dialect            : HHH000511: The 9.6.0 version for [org.hibernate.dialect.PostgreSQLDialect] is no longer supported, hence certain features may not work properly. The minimum supported version is 12.0.0. Check the community dialects project for available legacy versions.
2025-07-15T17:02:35.943+03:00  WARN 13252 --- [           main] org.hibernate.orm.deprecation            : HHH90000025: PostgreSQLDialect does not need to be specified explicitly using 'hibernate.dialect' (remove the property setting and it will be selected by default)
2025-07-15T17:02:36.291+03:00  INFO 13252 --- [           main] o.h.e.t.j.p.i.JtaPlatformInitiator       : HHH000489: No JTA platform available (set 'hibernate.transaction.jta.platform' to enable JTA platform integration)
Hibernate: alter table if exists accommodation_amenities drop constraint if exists FKej6adlp82a7mjl1q86lknymkh
Hibernate: alter table if exists accommodation_photos drop constraint if exists FKkc2w34n4p5do3g5hub8ibr9he
Hibernate: alter table if exists accommodation_units drop constraint if exists FK1bnrf51hlb7i5fhc8rc901r7p
Hibernate: alter table if exists accommodations drop constraint if exists FK2v2knc78cq3bkd9x6qjrc388b
Hibernate: alter table if exists bookings drop constraint if exists FKnmucxsqtr38urnj46hnoj3oiw
Hibernate: alter table if exists bookings drop constraint if exists FK3hfewrc1eu8g4151tc1il6mnn
Hibernate: alter table if exists bookings drop constraint if exists FKeyog2oic85xg7hsu2je2lx3s6
Hibernate: alter table if exists locations drop constraint if exists FKfsqbikceh6ixbvc6m9wreq9jq
Hibernate: alter table if exists payments drop constraint if exists FKc52o2b1jkxttngufqp3t7jr3h
Hibernate: alter table if exists telegram_linking_tokens drop constraint if exists FKadqb4n367m1ev1kfca2bd36sr
Hibernate: drop table if exists accommodation_amenities cascade
Hibernate: drop table if exists accommodation_photos cascade
Hibernate: drop table if exists accommodation_units cascade
Hibernate: drop table if exists accommodations cascade
Hibernate: drop table if exists bookings cascade
Hibernate: drop table if exists locations cascade
Hibernate: drop table if exists payments cascade
Hibernate: drop table if exists telegram_linking_tokens cascade
Hibernate: drop table if exists users cascade
Hibernate: create table accommodation_amenities (accommodation_id bigint not null, amenity varchar(255) check (amenity in ('WIFI','AIR_CONDITIONING','HEATING','KITCHEN','TV','PARKING','WASHER','POOL','PET_FRIENDLY','BREAKFAST_INCLUDED','HYGIENE_PRODUCTS_INCLUDED','FREE_TRANSFER')))
Hibernate: create table accommodation_photos (accommodation_id bigint not null, id bigserial not null, url varchar(255) not null, primary key (id))
Hibernate: create table accommodation_units (is_active boolean not null, accommodation_id bigint not null, id bigserial not null, unit_number varchar(255), primary key (id))
Hibernate: create table accommodations (daily_price numeric(38,2) not null, is_deleted boolean not null, id bigserial not null, owner_id bigint not null, size varchar(255) not null check (size in ('TENT','STUDIO','ONE_BEDROOM','TWO_BEDROOM','THREE_BEDROOM','FOUR_PLUS_BEDROOM')), type varchar(255) not null check (type in ('HOTEL','HOSTEL','HOUSE','APARTMENT','CONDO','VACATION_HOME','RESORT','CAMP')), primary key (id))
Hibernate: create table bookings (check_in_date date not null, check_out_date date not null, is_deleted boolean not null, total_price numeric(38,2) not null, accommodation_id bigint not null, id bigserial not null, unit_id bigint not null, user_id bigint not null, status varchar(255) not null check (status in ('PENDING','CONFIRMED','CANCELED','EXPIRED')), primary key (id))
Hibernate: create table locations (is_deleted boolean not null, accommodation_id bigint not null, city varchar(255) not null, country varchar(255) not null, number varchar(255) not null, street varchar(255) not null, primary key (accommodation_id))
Hibernate: create table payments (currency varchar(3) not null, is_deleted boolean not null, price numeric(38,2) not null, booking_date timestamp(6) not null, booking_id bigint unique, id bigserial not null, payment_status varchar(255) not null check (payment_status in ('PENDING','PAID','FAILED','REFUNDED','CANCELLED')), session_id varchar(255) not null, session_url varchar(255) not null, primary key (id))
Hibernate: create table telegram_linking_tokens (is_used boolean not null, created_at timestamp(6) not null, expires_at timestamp(6) not null, id bigserial not null, user_id bigint not null, token varchar(255) not null unique, primary key (id))
Hibernate: create table users (is_deleted boolean not null, id bigserial not null, company_name varchar(255), email varchar(255) not null unique, first_name varchar(255) not null, last_name varchar(255) not null, password varchar(255) not null, phone_number varchar(255), role varchar(255) not null check (role in ('USER','OWNER','ADMIN')), tax_number varchar(255), telegram_chat_id varchar(255) unique, telegram_user_id varchar(255) unique, primary key (id))
Hibernate: alter table if exists accommodation_amenities add constraint FKej6adlp82a7mjl1q86lknymkh foreign key (accommodation_id) references accommodations
Hibernate: alter table if exists accommodation_photos add constraint FKkc2w34n4p5do3g5hub8ibr9he foreign key (accommodation_id) references accommodations
Hibernate: alter table if exists accommodation_units add constraint FK1bnrf51hlb7i5fhc8rc901r7p foreign key (accommodation_id) references accommodations
Hibernate: alter table if exists accommodations add constraint FK2v2knc78cq3bkd9x6qjrc388b foreign key (owner_id) references users
Hibernate: alter table if exists bookings add constraint FKnmucxsqtr38urnj46hnoj3oiw foreign key (accommodation_id) references accommodations
Hibernate: alter table if exists bookings add constraint FK3hfewrc1eu8g4151tc1il6mnn foreign key (unit_id) references accommodation_units
Hibernate: alter table if exists bookings add constraint FKeyog2oic85xg7hsu2je2lx3s6 foreign key (user_id) references users
Hibernate: alter table if exists locations add constraint FKfsqbikceh6ixbvc6m9wreq9jq foreign key (accommodation_id) references accommodations
Hibernate: alter table if exists payments add constraint FKc52o2b1jkxttngufqp3t7jr3h foreign key (booking_id) references bookings
Hibernate: alter table if exists telegram_linking_tokens add constraint FKadqb4n367m1ev1kfca2bd36sr foreign key (user_id) references users
2025-07-15T17:02:36.458+03:00  INFO 13252 --- [           main] j.LocalContainerEntityManagerFactoryBean : Initialized JPA EntityManagerFactory for persistence unit 'default'
2025-07-15T17:02:37.149+03:00  INFO 13252 --- [           main] o.s.s.web.DefaultSecurityFilterChain     : Will secure any request with [org.springframework.security.web.session.DisableEncodeUrlFilter@2c28e1e1, org.springframework.security.web.context.request.async.WebAsyncManagerIntegrationFilter@596ef905, org.springframework.security.web.context.SecurityContextHolderFilter@249e39da, org.springframework.security.web.header.HeaderWriterFilter@3bb960f1, org.springframework.security.web.authentication.logout.LogoutFilter@56791346, app.security.JwtAuthenticationFilter@3ac09d16, org.springframework.security.web.authentication.www.BasicAuthenticationFilter@325537ce, org.springframework.security.web.savedrequest.RequestCacheAwareFilter@1a02fe78, org.springframework.security.web.servletapi.SecurityContextHolderAwareRequestFilter@6accbb21, org.springframework.security.web.authentication.AnonymousAuthenticationFilter@7607a796, org.springframework.security.web.session.SessionManagementFilter@6e30ed37, org.springframework.security.web.access.ExceptionTranslationFilter@7d287140, org.springframework.security.web.access.intercept.AuthorizationFilter@549f6b3d]
2025-07-15T17:02:37.378+03:00  INFO 13252 --- [           main] o.a.c.c.C.[Tomcat-3].[localhost].[/]     : Initializing Spring TestDispatcherServlet ''
2025-07-15T17:02:37.379+03:00  INFO 13252 --- [           main] o.s.t.web.servlet.TestDispatcherServlet  : Initializing Servlet ''
2025-07-15T17:02:37.380+03:00  INFO 13252 --- [           main] o.s.t.web.servlet.TestDispatcherServlet  : Completed initialization in 1 ms
2025-07-15T17:02:37.402+03:00  INFO 13252 --- [           main] o.s.b.w.embedded.tomcat.TomcatWebServer  : Tomcat started on port 54281 (http) with context path ''
2025-07-15T17:02:37.407+03:00  INFO 13252 --- [           main] a.controller.StripePageControllerTest    : Started StripePageControllerTest in 2.493 seconds (process running for 36.158)
2025-07-15T17:02:37.419+03:00  INFO 13252 --- [           main] o.a.c.c.C.[Tomcat-3].[localhost].[/]     : Initializing Spring TestDispatcherServlet ''
2025-07-15T17:02:37.420+03:00  INFO 13252 --- [           main] o.s.t.web.servlet.TestDispatcherServlet  : Initializing Servlet ''
2025-07-15T17:02:37.422+03:00  INFO 13252 --- [           main] o.s.t.web.servlet.TestDispatcherServlet  : Completed initialization in 1 ms
]]></system-out>
    <system-err><![CDATA[ERROR: Failed to register Telegram bot: Error removing old webhook
]]></system-err>
  </testcase>
  <testcase name="handleStripeCancel_redirectsToCancelPage" classname="app.controller.StripePageControllerTest" time="0.01">
    <system-out><![CDATA[2025-07-15T17:02:37.459+03:00  INFO 13252 --- [           main] o.a.c.c.C.[Tomcat-3].[localhost].[/]     : Initializing Spring TestDispatcherServlet ''
2025-07-15T17:02:37.459+03:00  INFO 13252 --- [           main] o.s.t.web.servlet.TestDispatcherServlet  : Initializing Servlet ''
2025-07-15T17:02:37.459+03:00  INFO 13252 --- [           main] o.s.t.web.servlet.TestDispatcherServlet  : Completed initialization in 0 ms
]]></system-out>
  </testcase>
  <testcase name="paymentErrorPage_returnsView" classname="app.controller.StripePageControllerTest" time="0.395">
    <system-out><![CDATA[2025-07-15T17:02:37.471+03:00  INFO 13252 --- [           main] o.a.c.c.C.[Tomcat-3].[localhost].[/]     : Initializing Spring TestDispatcherServlet ''
2025-07-15T17:02:37.471+03:00  INFO 13252 --- [           main] o.s.t.web.servlet.TestDispatcherServlet  : Initializing Servlet ''
2025-07-15T17:02:37.475+03:00  INFO 13252 --- [           main] o.s.t.web.servlet.TestDispatcherServlet  : Completed initialization in 4 ms
]]></system-out>
  </testcase>
  <testcase name="handleStripeSuccess_validSessionId_redirectsToSuccessPage" classname="app.controller.StripePageControllerTest" time="0.057">
    <system-out><![CDATA[2025-07-15T17:02:37.868+03:00  INFO 13252 --- [           main] o.a.c.c.C.[Tomcat-3].[localhost].[/]     : Initializing Spring TestDispatcherServlet ''
2025-07-15T17:02:37.868+03:00  INFO 13252 --- [           main] o.s.t.web.servlet.TestDispatcherServlet  : Initializing Servlet ''
2025-07-15T17:02:37.870+03:00  INFO 13252 --- [           main] o.s.t.web.servlet.TestDispatcherServlet  : Completed initialization in 2 ms
]]></system-out>
  </testcase>
  <testcase name="paymentSuccessPage_displaysBookingId" classname="app.controller.StripePageControllerTest" time="0.161">
    <system-out><![CDATA[2025-07-15T17:02:37.928+03:00  INFO 13252 --- [           main] o.a.c.c.C.[Tomcat-3].[localhost].[/]     : Initializing Spring TestDispatcherServlet ''
2025-07-15T17:02:37.928+03:00  INFO 13252 --- [           main] o.s.t.web.servlet.TestDispatcherServlet  : Initializing Servlet ''
2025-07-15T17:02:37.930+03:00  INFO 13252 --- [           main] o.s.t.web.servlet.TestDispatcherServlet  : Completed initialization in 2 ms
]]></system-out>
  </testcase>
  <testcase name="paymentCancelledPage_returnsView" classname="app.controller.StripePageControllerTest" time="0.016">
    <system-out><![CDATA[2025-07-15T17:02:38.092+03:00  INFO 13252 --- [           main] o.a.c.c.C.[Tomcat-3].[localhost].[/]     : Initializing Spring TestDispatcherServlet ''
2025-07-15T17:02:38.092+03:00  INFO 13252 --- [           main] o.s.t.web.servlet.TestDispatcherServlet  : Initializing Servlet ''
2025-07-15T17:02:38.093+03:00  INFO 13252 --- [           main] o.s.t.web.servlet.TestDispatcherServlet  : Completed initialization in 1 ms
]]></system-out>
  </testcase>
</testsuite>